This is task 93, which will do tiles  to 
This is SLURM task 93 for tile 
3 band code
downloading 3 files on host cdr667.int.cedar.computecanada.ca
Fri Aug  6 12:41:28 PDT 2021
performing inference on 3
Fri Aug  6 12:41:28 PDT 2021
2021-08-06 12:41:35.931725: I tensorflow/stream_executor/platform/default/dso_loader.cc:48] Successfully opened dynamic library libcudart.so.10.1
2021-08-06 12:42:02.173724: W tensorflow/stream_executor/platform/default/dso_loader.cc:59] Could not load dynamic library 'libcuda.so.1'; dlerror: libcuda.so.1: cannot open shared object file: No such file or directory
2021-08-06 12:42:02.175077: W tensorflow/stream_executor/cuda/cuda_driver.cc:312] failed call to cuInit: UNKNOWN ERROR (303)
2021-08-06 12:42:02.175374: I tensorflow/stream_executor/cuda/cuda_diagnostics.cc:156] kernel driver does not appear to be running on this host (cdr667.int.cedar.computecanada.ca): /proc/driver/nvidia/version does not exist
2021-08-06 12:42:02.176140: I tensorflow/core/platform/cpu_feature_guard.cc:142] This TensorFlow binary is optimized with oneAPI Deep Neural Network Library (oneDNN)to use the following CPU instructions in performance-critical operations:  AVX2 FMA
To enable them in other operations, rebuild TensorFlow with the appropriate compiler flags.
2021-08-06 12:42:02.226542: I tensorflow/core/platform/profile_utils/cpu_utils.cc:104] CPU Frequency: 2094995000 Hz
2021-08-06 12:42:02.230936: I tensorflow/compiler/xla/service/service.cc:168] XLA service 0x6c72c10 initialized for platform Host (this does not guarantee that XLA will be used). Devices:
2021-08-06 12:42:02.231044: I tensorflow/compiler/xla/service/service.cc:176]   StreamExecutor device (0): Host, Default Version
read in  3
[]
Traceback (most recent call last):
  File "inference_pipeline.py", line 145, in <module>
    cat['pred'] = 2.0 
NameError: name 'cat' is not defined
This is SLURM task 93 for tile 
3 band code
downloading 3 files on host cdr667.int.cedar.computecanada.ca
Fri Aug  6 12:42:05 PDT 2021
performing inference on 3
Fri Aug  6 12:42:05 PDT 2021
2021-08-06 12:42:09.235132: I tensorflow/stream_executor/platform/default/dso_loader.cc:48] Successfully opened dynamic library libcudart.so.10.1
2021-08-06 12:42:33.558220: W tensorflow/stream_executor/platform/default/dso_loader.cc:59] Could not load dynamic library 'libcuda.so.1'; dlerror: libcuda.so.1: cannot open shared object file: No such file or directory
2021-08-06 12:42:33.558447: W tensorflow/stream_executor/cuda/cuda_driver.cc:312] failed call to cuInit: UNKNOWN ERROR (303)
2021-08-06 12:42:33.558580: I tensorflow/stream_executor/cuda/cuda_diagnostics.cc:156] kernel driver does not appear to be running on this host (cdr667.int.cedar.computecanada.ca): /proc/driver/nvidia/version does not exist
2021-08-06 12:42:33.559254: I tensorflow/core/platform/cpu_feature_guard.cc:142] This TensorFlow binary is optimized with oneAPI Deep Neural Network Library (oneDNN)to use the following CPU instructions in performance-critical operations:  AVX2 FMA
To enable them in other operations, rebuild TensorFlow with the appropriate compiler flags.
2021-08-06 12:42:33.570417: I tensorflow/core/platform/profile_utils/cpu_utils.cc:104] CPU Frequency: 2094995000 Hz
2021-08-06 12:42:33.570912: I tensorflow/compiler/xla/service/service.cc:168] XLA service 0x6fd1430 initialized for platform Host (this does not guarantee that XLA will be used). Devices:
2021-08-06 12:42:33.570994: I tensorflow/compiler/xla/service/service.cc:176]   StreamExecutor device (0): Host, Default Version
read in  3
[]
Traceback (most recent call last):
  File "inference_pipeline.py", line 145, in <module>
    cat['pred'] = 2.0 
NameError: name 'cat' is not defined
This is SLURM task 93 for tile 
3 band code
downloading 3 files on host cdr667.int.cedar.computecanada.ca
Fri Aug  6 12:42:36 PDT 2021
performing inference on 3
Fri Aug  6 12:42:36 PDT 2021
2021-08-06 12:42:39.496883: I tensorflow/stream_executor/platform/default/dso_loader.cc:48] Successfully opened dynamic library libcudart.so.10.1
2021-08-06 12:43:03.889211: W tensorflow/stream_executor/platform/default/dso_loader.cc:59] Could not load dynamic library 'libcuda.so.1'; dlerror: libcuda.so.1: cannot open shared object file: No such file or directory
2021-08-06 12:43:03.889389: W tensorflow/stream_executor/cuda/cuda_driver.cc:312] failed call to cuInit: UNKNOWN ERROR (303)
2021-08-06 12:43:03.889520: I tensorflow/stream_executor/cuda/cuda_diagnostics.cc:156] kernel driver does not appear to be running on this host (cdr667.int.cedar.computecanada.ca): /proc/driver/nvidia/version does not exist
2021-08-06 12:43:03.890312: I tensorflow/core/platform/cpu_feature_guard.cc:142] This TensorFlow binary is optimized with oneAPI Deep Neural Network Library (oneDNN)to use the following CPU instructions in performance-critical operations:  AVX2 FMA
To enable them in other operations, rebuild TensorFlow with the appropriate compiler flags.
2021-08-06 12:43:03.901258: I tensorflow/core/platform/profile_utils/cpu_utils.cc:104] CPU Frequency: 2094995000 Hz
2021-08-06 12:43:03.901613: I tensorflow/compiler/xla/service/service.cc:168] XLA service 0x72d98c0 initialized for platform Host (this does not guarantee that XLA will be used). Devices:
2021-08-06 12:43:03.901689: I tensorflow/compiler/xla/service/service.cc:176]   StreamExecutor device (0): Host, Default Version
read in  3
[]
Traceback (most recent call last):
  File "inference_pipeline.py", line 145, in <module>
    cat['pred'] = 2.0 
NameError: name 'cat' is not defined
This is SLURM task 93 for tile 
3 band code
downloading 3 files on host cdr667.int.cedar.computecanada.ca
Fri Aug  6 12:43:06 PDT 2021
performing inference on 3
Fri Aug  6 12:43:06 PDT 2021
2021-08-06 12:43:09.797128: I tensorflow/stream_executor/platform/default/dso_loader.cc:48] Successfully opened dynamic library libcudart.so.10.1
