This is task 55, which will do tiles  to 
This is SLURM task 55 for tile 
3 band code
downloading 3 files on host cdr584.int.cedar.computecanada.ca
Fri Aug  6 12:41:22 PDT 2021
performing inference on 3
Fri Aug  6 12:41:22 PDT 2021
2021-08-06 12:41:30.258083: I tensorflow/stream_executor/platform/default/dso_loader.cc:48] Successfully opened dynamic library libcudart.so.10.1
2021-08-06 12:42:00.292528: W tensorflow/stream_executor/platform/default/dso_loader.cc:59] Could not load dynamic library 'libcuda.so.1'; dlerror: libcuda.so.1: cannot open shared object file: No such file or directory
2021-08-06 12:42:00.295558: W tensorflow/stream_executor/cuda/cuda_driver.cc:312] failed call to cuInit: UNKNOWN ERROR (303)
2021-08-06 12:42:00.297639: I tensorflow/stream_executor/cuda/cuda_diagnostics.cc:156] kernel driver does not appear to be running on this host (cdr584.int.cedar.computecanada.ca): /proc/driver/nvidia/version does not exist
2021-08-06 12:42:00.298383: I tensorflow/core/platform/cpu_feature_guard.cc:142] This TensorFlow binary is optimized with oneAPI Deep Neural Network Library (oneDNN)to use the following CPU instructions in performance-critical operations:  AVX2 FMA
To enable them in other operations, rebuild TensorFlow with the appropriate compiler flags.
2021-08-06 12:42:00.386851: I tensorflow/core/platform/profile_utils/cpu_utils.cc:104] CPU Frequency: 2095080000 Hz
2021-08-06 12:42:00.391773: I tensorflow/compiler/xla/service/service.cc:168] XLA service 0x5c09c60 initialized for platform Host (this does not guarantee that XLA will be used). Devices:
2021-08-06 12:42:00.391908: I tensorflow/compiler/xla/service/service.cc:176]   StreamExecutor device (0): Host, Default Version
read in  3
[]
Traceback (most recent call last):
  File "inference_pipeline.py", line 145, in <module>
    cat['pred'] = 2.0 
NameError: name 'cat' is not defined
This is SLURM task 55 for tile 
3 band code
downloading 3 files on host cdr584.int.cedar.computecanada.ca
Fri Aug  6 12:42:03 PDT 2021
performing inference on 3
Fri Aug  6 12:42:03 PDT 2021
2021-08-06 12:42:07.544341: I tensorflow/stream_executor/platform/default/dso_loader.cc:48] Successfully opened dynamic library libcudart.so.10.1
2021-08-06 12:42:31.893930: W tensorflow/stream_executor/platform/default/dso_loader.cc:59] Could not load dynamic library 'libcuda.so.1'; dlerror: libcuda.so.1: cannot open shared object file: No such file or directory
2021-08-06 12:42:31.894217: W tensorflow/stream_executor/cuda/cuda_driver.cc:312] failed call to cuInit: UNKNOWN ERROR (303)
2021-08-06 12:42:31.894381: I tensorflow/stream_executor/cuda/cuda_diagnostics.cc:156] kernel driver does not appear to be running on this host (cdr584.int.cedar.computecanada.ca): /proc/driver/nvidia/version does not exist
2021-08-06 12:42:31.895018: I tensorflow/core/platform/cpu_feature_guard.cc:142] This TensorFlow binary is optimized with oneAPI Deep Neural Network Library (oneDNN)to use the following CPU instructions in performance-critical operations:  AVX2 FMA
To enable them in other operations, rebuild TensorFlow with the appropriate compiler flags.
2021-08-06 12:42:31.905711: I tensorflow/core/platform/profile_utils/cpu_utils.cc:104] CPU Frequency: 2095080000 Hz
2021-08-06 12:42:31.906174: I tensorflow/compiler/xla/service/service.cc:168] XLA service 0x8327b30 initialized for platform Host (this does not guarantee that XLA will be used). Devices:
2021-08-06 12:42:31.906293: I tensorflow/compiler/xla/service/service.cc:176]   StreamExecutor device (0): Host, Default Version
read in  3
[]
Traceback (most recent call last):
  File "inference_pipeline.py", line 145, in <module>
    cat['pred'] = 2.0 
NameError: name 'cat' is not defined
This is SLURM task 55 for tile 
3 band code
downloading 3 files on host cdr584.int.cedar.computecanada.ca
Fri Aug  6 12:42:34 PDT 2021
performing inference on 3
Fri Aug  6 12:42:34 PDT 2021
2021-08-06 12:42:39.236570: I tensorflow/stream_executor/platform/default/dso_loader.cc:48] Successfully opened dynamic library libcudart.so.10.1
2021-08-06 12:43:04.192153: W tensorflow/stream_executor/platform/default/dso_loader.cc:59] Could not load dynamic library 'libcuda.so.1'; dlerror: libcuda.so.1: cannot open shared object file: No such file or directory
2021-08-06 12:43:04.192289: W tensorflow/stream_executor/cuda/cuda_driver.cc:312] failed call to cuInit: UNKNOWN ERROR (303)
2021-08-06 12:43:04.192371: I tensorflow/stream_executor/cuda/cuda_diagnostics.cc:156] kernel driver does not appear to be running on this host (cdr584.int.cedar.computecanada.ca): /proc/driver/nvidia/version does not exist
2021-08-06 12:43:04.192981: I tensorflow/core/platform/cpu_feature_guard.cc:142] This TensorFlow binary is optimized with oneAPI Deep Neural Network Library (oneDNN)to use the following CPU instructions in performance-critical operations:  AVX2 FMA
To enable them in other operations, rebuild TensorFlow with the appropriate compiler flags.
2021-08-06 12:43:04.203026: I tensorflow/core/platform/profile_utils/cpu_utils.cc:104] CPU Frequency: 2095080000 Hz
2021-08-06 12:43:04.203347: I tensorflow/compiler/xla/service/service.cc:168] XLA service 0x71f0af0 initialized for platform Host (this does not guarantee that XLA will be used). Devices:
2021-08-06 12:43:04.203422: I tensorflow/compiler/xla/service/service.cc:176]   StreamExecutor device (0): Host, Default Version
read in  3
[]
Traceback (most recent call last):
  File "inference_pipeline.py", line 145, in <module>
    cat['pred'] = 2.0 
NameError: name 'cat' is not defined
This is SLURM task 55 for tile 
3 band code
downloading 3 files on host cdr584.int.cedar.computecanada.ca
Fri Aug  6 12:43:07 PDT 2021
performing inference on 3
Fri Aug  6 12:43:07 PDT 2021
2021-08-06 12:43:11.766832: I tensorflow/stream_executor/platform/default/dso_loader.cc:48] Successfully opened dynamic library libcudart.so.10.1
