This is task 58, which will do tiles  to 
This is SLURM task 58 for tile 
3 band code
downloading 3 files on host cdr584.int.cedar.computecanada.ca
Fri Aug  6 12:41:22 PDT 2021
performing inference on 3
Fri Aug  6 12:41:22 PDT 2021
2021-08-06 12:41:30.258092: I tensorflow/stream_executor/platform/default/dso_loader.cc:48] Successfully opened dynamic library libcudart.so.10.1
2021-08-06 12:42:00.292498: W tensorflow/stream_executor/platform/default/dso_loader.cc:59] Could not load dynamic library 'libcuda.so.1'; dlerror: libcuda.so.1: cannot open shared object file: No such file or directory
2021-08-06 12:42:00.295551: W tensorflow/stream_executor/cuda/cuda_driver.cc:312] failed call to cuInit: UNKNOWN ERROR (303)
2021-08-06 12:42:00.297626: I tensorflow/stream_executor/cuda/cuda_diagnostics.cc:156] kernel driver does not appear to be running on this host (cdr584.int.cedar.computecanada.ca): /proc/driver/nvidia/version does not exist
2021-08-06 12:42:00.298389: I tensorflow/core/platform/cpu_feature_guard.cc:142] This TensorFlow binary is optimized with oneAPI Deep Neural Network Library (oneDNN)to use the following CPU instructions in performance-critical operations:  AVX2 FMA
To enable them in other operations, rebuild TensorFlow with the appropriate compiler flags.
2021-08-06 12:42:00.386861: I tensorflow/core/platform/profile_utils/cpu_utils.cc:104] CPU Frequency: 2095080000 Hz
2021-08-06 12:42:00.391774: I tensorflow/compiler/xla/service/service.cc:168] XLA service 0x76cec10 initialized for platform Host (this does not guarantee that XLA will be used). Devices:
2021-08-06 12:42:00.391906: I tensorflow/compiler/xla/service/service.cc:176]   StreamExecutor device (0): Host, Default Version
read in  3
[]
Traceback (most recent call last):
  File "inference_pipeline.py", line 145, in <module>
    cat['pred'] = 2.0 
NameError: name 'cat' is not defined
This is SLURM task 58 for tile 
3 band code
downloading 3 files on host cdr584.int.cedar.computecanada.ca
Fri Aug  6 12:42:03 PDT 2021
performing inference on 3
Fri Aug  6 12:42:03 PDT 2021
2021-08-06 12:42:07.562191: I tensorflow/stream_executor/platform/default/dso_loader.cc:48] Successfully opened dynamic library libcudart.so.10.1
2021-08-06 12:42:31.893976: W tensorflow/stream_executor/platform/default/dso_loader.cc:59] Could not load dynamic library 'libcuda.so.1'; dlerror: libcuda.so.1: cannot open shared object file: No such file or directory
2021-08-06 12:42:31.894243: W tensorflow/stream_executor/cuda/cuda_driver.cc:312] failed call to cuInit: UNKNOWN ERROR (303)
2021-08-06 12:42:31.894366: I tensorflow/stream_executor/cuda/cuda_diagnostics.cc:156] kernel driver does not appear to be running on this host (cdr584.int.cedar.computecanada.ca): /proc/driver/nvidia/version does not exist
2021-08-06 12:42:31.895037: I tensorflow/core/platform/cpu_feature_guard.cc:142] This TensorFlow binary is optimized with oneAPI Deep Neural Network Library (oneDNN)to use the following CPU instructions in performance-critical operations:  AVX2 FMA
To enable them in other operations, rebuild TensorFlow with the appropriate compiler flags.
2021-08-06 12:42:31.905826: I tensorflow/core/platform/profile_utils/cpu_utils.cc:104] CPU Frequency: 2095080000 Hz
2021-08-06 12:42:31.906207: I tensorflow/compiler/xla/service/service.cc:168] XLA service 0x7ed4370 initialized for platform Host (this does not guarantee that XLA will be used). Devices:
2021-08-06 12:42:31.906325: I tensorflow/compiler/xla/service/service.cc:176]   StreamExecutor device (0): Host, Default Version
read in  3
[]
Traceback (most recent call last):
  File "inference_pipeline.py", line 145, in <module>
    cat['pred'] = 2.0 
NameError: name 'cat' is not defined
This is SLURM task 58 for tile 
3 band code
downloading 3 files on host cdr584.int.cedar.computecanada.ca
Fri Aug  6 12:42:34 PDT 2021
performing inference on 3
Fri Aug  6 12:42:34 PDT 2021
2021-08-06 12:42:39.250504: I tensorflow/stream_executor/platform/default/dso_loader.cc:48] Successfully opened dynamic library libcudart.so.10.1
2021-08-06 12:43:04.191457: W tensorflow/stream_executor/platform/default/dso_loader.cc:59] Could not load dynamic library 'libcuda.so.1'; dlerror: libcuda.so.1: cannot open shared object file: No such file or directory
2021-08-06 12:43:04.191688: W tensorflow/stream_executor/cuda/cuda_driver.cc:312] failed call to cuInit: UNKNOWN ERROR (303)
2021-08-06 12:43:04.191808: I tensorflow/stream_executor/cuda/cuda_diagnostics.cc:156] kernel driver does not appear to be running on this host (cdr584.int.cedar.computecanada.ca): /proc/driver/nvidia/version does not exist
2021-08-06 12:43:04.192525: I tensorflow/core/platform/cpu_feature_guard.cc:142] This TensorFlow binary is optimized with oneAPI Deep Neural Network Library (oneDNN)to use the following CPU instructions in performance-critical operations:  AVX2 FMA
To enable them in other operations, rebuild TensorFlow with the appropriate compiler flags.
2021-08-06 12:43:04.203404: I tensorflow/core/platform/profile_utils/cpu_utils.cc:104] CPU Frequency: 2095080000 Hz
2021-08-06 12:43:04.203677: I tensorflow/compiler/xla/service/service.cc:168] XLA service 0x5957480 initialized for platform Host (this does not guarantee that XLA will be used). Devices:
2021-08-06 12:43:04.203764: I tensorflow/compiler/xla/service/service.cc:176]   StreamExecutor device (0): Host, Default Version
read in  3
[]
Traceback (most recent call last):
  File "inference_pipeline.py", line 145, in <module>
    cat['pred'] = 2.0 
NameError: name 'cat' is not defined
This is SLURM task 58 for tile 
3 band code
downloading 3 files on host cdr584.int.cedar.computecanada.ca
Fri Aug  6 12:43:07 PDT 2021
performing inference on 3
Fri Aug  6 12:43:07 PDT 2021
2021-08-06 12:43:11.786633: I tensorflow/stream_executor/platform/default/dso_loader.cc:48] Successfully opened dynamic library libcudart.so.10.1
