This is task 46, which will do tiles  to 
This is SLURM task 46 for tile 
3 band code
downloading 3 files on host cdr652.int.cedar.computecanada.ca
Fri Aug  6 12:41:21 PDT 2021
performing inference on 3
Fri Aug  6 12:41:21 PDT 2021
2021-08-06 12:41:29.795779: I tensorflow/stream_executor/platform/default/dso_loader.cc:48] Successfully opened dynamic library libcudart.so.10.1
2021-08-06 12:42:00.265714: W tensorflow/stream_executor/platform/default/dso_loader.cc:59] Could not load dynamic library 'libcuda.so.1'; dlerror: libcuda.so.1: cannot open shared object file: No such file or directory
2021-08-06 12:42:00.272061: W tensorflow/stream_executor/cuda/cuda_driver.cc:312] failed call to cuInit: UNKNOWN ERROR (303)
2021-08-06 12:42:00.272178: I tensorflow/stream_executor/cuda/cuda_diagnostics.cc:156] kernel driver does not appear to be running on this host (cdr652.int.cedar.computecanada.ca): /proc/driver/nvidia/version does not exist
2021-08-06 12:42:00.272880: I tensorflow/core/platform/cpu_feature_guard.cc:142] This TensorFlow binary is optimized with oneAPI Deep Neural Network Library (oneDNN)to use the following CPU instructions in performance-critical operations:  AVX2 FMA
To enable them in other operations, rebuild TensorFlow with the appropriate compiler flags.
2021-08-06 12:42:00.336744: I tensorflow/core/platform/profile_utils/cpu_utils.cc:104] CPU Frequency: 2095195000 Hz
2021-08-06 12:42:00.341704: I tensorflow/compiler/xla/service/service.cc:168] XLA service 0x7bb8760 initialized for platform Host (this does not guarantee that XLA will be used). Devices:
2021-08-06 12:42:00.341837: I tensorflow/compiler/xla/service/service.cc:176]   StreamExecutor device (0): Host, Default Version
read in  3
[]
Traceback (most recent call last):
  File "inference_pipeline.py", line 145, in <module>
    cat['pred'] = 2.0 
NameError: name 'cat' is not defined
This is SLURM task 46 for tile 
3 band code
downloading 3 files on host cdr652.int.cedar.computecanada.ca
Fri Aug  6 12:42:03 PDT 2021
performing inference on 3
Fri Aug  6 12:42:03 PDT 2021
2021-08-06 12:42:06.509797: I tensorflow/stream_executor/platform/default/dso_loader.cc:48] Successfully opened dynamic library libcudart.so.10.1
2021-08-06 12:42:28.396806: W tensorflow/stream_executor/platform/default/dso_loader.cc:59] Could not load dynamic library 'libcuda.so.1'; dlerror: libcuda.so.1: cannot open shared object file: No such file or directory
2021-08-06 12:42:28.396969: W tensorflow/stream_executor/cuda/cuda_driver.cc:312] failed call to cuInit: UNKNOWN ERROR (303)
2021-08-06 12:42:28.397072: I tensorflow/stream_executor/cuda/cuda_diagnostics.cc:156] kernel driver does not appear to be running on this host (cdr652.int.cedar.computecanada.ca): /proc/driver/nvidia/version does not exist
2021-08-06 12:42:28.397723: I tensorflow/core/platform/cpu_feature_guard.cc:142] This TensorFlow binary is optimized with oneAPI Deep Neural Network Library (oneDNN)to use the following CPU instructions in performance-critical operations:  AVX2 FMA
To enable them in other operations, rebuild TensorFlow with the appropriate compiler flags.
2021-08-06 12:42:28.408361: I tensorflow/core/platform/profile_utils/cpu_utils.cc:104] CPU Frequency: 2095195000 Hz
2021-08-06 12:42:28.408705: I tensorflow/compiler/xla/service/service.cc:168] XLA service 0x6b03620 initialized for platform Host (this does not guarantee that XLA will be used). Devices:
2021-08-06 12:42:28.408835: I tensorflow/compiler/xla/service/service.cc:176]   StreamExecutor device (0): Host, Default Version
read in  3
[]
Traceback (most recent call last):
  File "inference_pipeline.py", line 145, in <module>
    cat['pred'] = 2.0 
NameError: name 'cat' is not defined
This is SLURM task 46 for tile 
3 band code
downloading 3 files on host cdr652.int.cedar.computecanada.ca
Fri Aug  6 12:42:31 PDT 2021
performing inference on 3
Fri Aug  6 12:42:31 PDT 2021
2021-08-06 12:42:34.105151: I tensorflow/stream_executor/platform/default/dso_loader.cc:48] Successfully opened dynamic library libcudart.so.10.1
2021-08-06 12:42:55.933264: W tensorflow/stream_executor/platform/default/dso_loader.cc:59] Could not load dynamic library 'libcuda.so.1'; dlerror: libcuda.so.1: cannot open shared object file: No such file or directory
2021-08-06 12:42:55.933445: W tensorflow/stream_executor/cuda/cuda_driver.cc:312] failed call to cuInit: UNKNOWN ERROR (303)
2021-08-06 12:42:55.933586: I tensorflow/stream_executor/cuda/cuda_diagnostics.cc:156] kernel driver does not appear to be running on this host (cdr652.int.cedar.computecanada.ca): /proc/driver/nvidia/version does not exist
2021-08-06 12:42:55.934250: I tensorflow/core/platform/cpu_feature_guard.cc:142] This TensorFlow binary is optimized with oneAPI Deep Neural Network Library (oneDNN)to use the following CPU instructions in performance-critical operations:  AVX2 FMA
To enable them in other operations, rebuild TensorFlow with the appropriate compiler flags.
2021-08-06 12:42:55.945116: I tensorflow/core/platform/profile_utils/cpu_utils.cc:104] CPU Frequency: 2095195000 Hz
2021-08-06 12:42:55.945506: I tensorflow/compiler/xla/service/service.cc:168] XLA service 0x6b01bd0 initialized for platform Host (this does not guarantee that XLA will be used). Devices:
2021-08-06 12:42:55.945634: I tensorflow/compiler/xla/service/service.cc:176]   StreamExecutor device (0): Host, Default Version
read in  3
[]
Traceback (most recent call last):
  File "inference_pipeline.py", line 145, in <module>
    cat['pred'] = 2.0 
NameError: name 'cat' is not defined
This is SLURM task 46 for tile 
3 band code
downloading 3 files on host cdr652.int.cedar.computecanada.ca
Fri Aug  6 12:42:58 PDT 2021
performing inference on 3
Fri Aug  6 12:42:58 PDT 2021
2021-08-06 12:43:01.626471: I tensorflow/stream_executor/platform/default/dso_loader.cc:48] Successfully opened dynamic library libcudart.so.10.1
