This is task 75, which will do tiles  to 
This is SLURM task 75 for tile 
3 band code
downloading 3 files on host cdr598.int.cedar.computecanada.ca
Fri Aug  6 12:41:21 PDT 2021
performing inference on 3
Fri Aug  6 12:41:21 PDT 2021
2021-08-06 12:41:28.790614: I tensorflow/stream_executor/platform/default/dso_loader.cc:48] Successfully opened dynamic library libcudart.so.10.1
2021-08-06 12:42:00.265944: W tensorflow/stream_executor/platform/default/dso_loader.cc:59] Could not load dynamic library 'libcuda.so.1'; dlerror: libcuda.so.1: cannot open shared object file: No such file or directory
2021-08-06 12:42:00.269158: W tensorflow/stream_executor/cuda/cuda_driver.cc:312] failed call to cuInit: UNKNOWN ERROR (303)
2021-08-06 12:42:00.271916: I tensorflow/stream_executor/cuda/cuda_diagnostics.cc:156] kernel driver does not appear to be running on this host (cdr598.int.cedar.computecanada.ca): /proc/driver/nvidia/version does not exist
2021-08-06 12:42:00.276245: I tensorflow/core/platform/cpu_feature_guard.cc:142] This TensorFlow binary is optimized with oneAPI Deep Neural Network Library (oneDNN)to use the following CPU instructions in performance-critical operations:  AVX2 FMA
To enable them in other operations, rebuild TensorFlow with the appropriate compiler flags.
2021-08-06 12:42:00.341016: I tensorflow/core/platform/profile_utils/cpu_utils.cc:104] CPU Frequency: 2095315000 Hz
2021-08-06 12:42:00.344282: I tensorflow/compiler/xla/service/service.cc:168] XLA service 0x69b38d0 initialized for platform Host (this does not guarantee that XLA will be used). Devices:
2021-08-06 12:42:00.344517: I tensorflow/compiler/xla/service/service.cc:176]   StreamExecutor device (0): Host, Default Version
read in  3
[]
Traceback (most recent call last):
  File "inference_pipeline.py", line 145, in <module>
    cat['pred'] = 2.0 
NameError: name 'cat' is not defined
This is SLURM task 75 for tile 
3 band code
downloading 3 files on host cdr598.int.cedar.computecanada.ca
Fri Aug  6 12:42:03 PDT 2021
performing inference on 3
Fri Aug  6 12:42:03 PDT 2021
2021-08-06 12:42:07.701157: I tensorflow/stream_executor/platform/default/dso_loader.cc:48] Successfully opened dynamic library libcudart.so.10.1
2021-08-06 12:42:31.561314: W tensorflow/stream_executor/platform/default/dso_loader.cc:59] Could not load dynamic library 'libcuda.so.1'; dlerror: libcuda.so.1: cannot open shared object file: No such file or directory
2021-08-06 12:42:31.561482: W tensorflow/stream_executor/cuda/cuda_driver.cc:312] failed call to cuInit: UNKNOWN ERROR (303)
2021-08-06 12:42:31.561584: I tensorflow/stream_executor/cuda/cuda_diagnostics.cc:156] kernel driver does not appear to be running on this host (cdr598.int.cedar.computecanada.ca): /proc/driver/nvidia/version does not exist
2021-08-06 12:42:31.562268: I tensorflow/core/platform/cpu_feature_guard.cc:142] This TensorFlow binary is optimized with oneAPI Deep Neural Network Library (oneDNN)to use the following CPU instructions in performance-critical operations:  AVX2 FMA
To enable them in other operations, rebuild TensorFlow with the appropriate compiler flags.
2021-08-06 12:42:31.573316: I tensorflow/core/platform/profile_utils/cpu_utils.cc:104] CPU Frequency: 2095315000 Hz
2021-08-06 12:42:31.573604: I tensorflow/compiler/xla/service/service.cc:168] XLA service 0x7ffe0f0 initialized for platform Host (this does not guarantee that XLA will be used). Devices:
2021-08-06 12:42:31.573686: I tensorflow/compiler/xla/service/service.cc:176]   StreamExecutor device (0): Host, Default Version
read in  3
[]
Traceback (most recent call last):
  File "inference_pipeline.py", line 145, in <module>
    cat['pred'] = 2.0 
NameError: name 'cat' is not defined
This is SLURM task 75 for tile 
3 band code
downloading 3 files on host cdr598.int.cedar.computecanada.ca
Fri Aug  6 12:42:34 PDT 2021
performing inference on 3
Fri Aug  6 12:42:34 PDT 2021
2021-08-06 12:42:37.529393: I tensorflow/stream_executor/platform/default/dso_loader.cc:48] Successfully opened dynamic library libcudart.so.10.1
2021-08-06 12:43:01.412140: W tensorflow/stream_executor/platform/default/dso_loader.cc:59] Could not load dynamic library 'libcuda.so.1'; dlerror: libcuda.so.1: cannot open shared object file: No such file or directory
2021-08-06 12:43:01.412343: W tensorflow/stream_executor/cuda/cuda_driver.cc:312] failed call to cuInit: UNKNOWN ERROR (303)
2021-08-06 12:43:01.412456: I tensorflow/stream_executor/cuda/cuda_diagnostics.cc:156] kernel driver does not appear to be running on this host (cdr598.int.cedar.computecanada.ca): /proc/driver/nvidia/version does not exist
2021-08-06 12:43:01.413127: I tensorflow/core/platform/cpu_feature_guard.cc:142] This TensorFlow binary is optimized with oneAPI Deep Neural Network Library (oneDNN)to use the following CPU instructions in performance-critical operations:  AVX2 FMA
To enable them in other operations, rebuild TensorFlow with the appropriate compiler flags.
2021-08-06 12:43:01.423972: I tensorflow/core/platform/profile_utils/cpu_utils.cc:104] CPU Frequency: 2095315000 Hz
2021-08-06 12:43:01.424349: I tensorflow/compiler/xla/service/service.cc:168] XLA service 0x7640550 initialized for platform Host (this does not guarantee that XLA will be used). Devices:
2021-08-06 12:43:01.424437: I tensorflow/compiler/xla/service/service.cc:176]   StreamExecutor device (0): Host, Default Version
read in  3
[]
Traceback (most recent call last):
  File "inference_pipeline.py", line 145, in <module>
    cat['pred'] = 2.0 
NameError: name 'cat' is not defined
This is SLURM task 75 for tile 
3 band code
downloading 3 files on host cdr598.int.cedar.computecanada.ca
Fri Aug  6 12:43:04 PDT 2021
performing inference on 3
Fri Aug  6 12:43:04 PDT 2021
2021-08-06 12:43:07.026020: I tensorflow/stream_executor/platform/default/dso_loader.cc:48] Successfully opened dynamic library libcudart.so.10.1
