This is task 91, which will do tiles  to 
This is SLURM task 91 for tile 
3 band code
downloading 3 files on host cdr621.int.cedar.computecanada.ca
Fri Aug  6 12:41:28 PDT 2021
performing inference on 3
Fri Aug  6 12:41:28 PDT 2021
2021-08-06 12:41:33.734284: I tensorflow/stream_executor/platform/default/dso_loader.cc:48] Successfully opened dynamic library libcudart.so.10.1
2021-08-06 12:42:01.171492: W tensorflow/stream_executor/platform/default/dso_loader.cc:59] Could not load dynamic library 'libcuda.so.1'; dlerror: libcuda.so.1: cannot open shared object file: No such file or directory
2021-08-06 12:42:01.176143: W tensorflow/stream_executor/cuda/cuda_driver.cc:312] failed call to cuInit: UNKNOWN ERROR (303)
2021-08-06 12:42:01.178609: I tensorflow/stream_executor/cuda/cuda_diagnostics.cc:156] kernel driver does not appear to be running on this host (cdr621.int.cedar.computecanada.ca): /proc/driver/nvidia/version does not exist
2021-08-06 12:42:01.184523: I tensorflow/core/platform/cpu_feature_guard.cc:142] This TensorFlow binary is optimized with oneAPI Deep Neural Network Library (oneDNN)to use the following CPU instructions in performance-critical operations:  AVX2 FMA
To enable them in other operations, rebuild TensorFlow with the appropriate compiler flags.
2021-08-06 12:42:01.285668: I tensorflow/core/platform/profile_utils/cpu_utils.cc:104] CPU Frequency: 2095114999 Hz
2021-08-06 12:42:01.292810: I tensorflow/compiler/xla/service/service.cc:168] XLA service 0x6c75ac0 initialized for platform Host (this does not guarantee that XLA will be used). Devices:
2021-08-06 12:42:01.292944: I tensorflow/compiler/xla/service/service.cc:176]   StreamExecutor device (0): Host, Default Version
read in  3
[]
Traceback (most recent call last):
  File "inference_pipeline.py", line 145, in <module>
    cat['pred'] = 2.0 
NameError: name 'cat' is not defined
This is SLURM task 91 for tile 
3 band code
downloading 3 files on host cdr621.int.cedar.computecanada.ca
Fri Aug  6 12:42:04 PDT 2021
performing inference on 3
Fri Aug  6 12:42:04 PDT 2021
2021-08-06 12:42:08.849445: I tensorflow/stream_executor/platform/default/dso_loader.cc:48] Successfully opened dynamic library libcudart.so.10.1
2021-08-06 12:42:33.897498: W tensorflow/stream_executor/platform/default/dso_loader.cc:59] Could not load dynamic library 'libcuda.so.1'; dlerror: libcuda.so.1: cannot open shared object file: No such file or directory
2021-08-06 12:42:33.897654: W tensorflow/stream_executor/cuda/cuda_driver.cc:312] failed call to cuInit: UNKNOWN ERROR (303)
2021-08-06 12:42:33.897748: I tensorflow/stream_executor/cuda/cuda_diagnostics.cc:156] kernel driver does not appear to be running on this host (cdr621.int.cedar.computecanada.ca): /proc/driver/nvidia/version does not exist
2021-08-06 12:42:33.898398: I tensorflow/core/platform/cpu_feature_guard.cc:142] This TensorFlow binary is optimized with oneAPI Deep Neural Network Library (oneDNN)to use the following CPU instructions in performance-critical operations:  AVX2 FMA
To enable them in other operations, rebuild TensorFlow with the appropriate compiler flags.
2021-08-06 12:42:33.909761: I tensorflow/core/platform/profile_utils/cpu_utils.cc:104] CPU Frequency: 2095114999 Hz
2021-08-06 12:42:33.910026: I tensorflow/compiler/xla/service/service.cc:168] XLA service 0x5d3ce90 initialized for platform Host (this does not guarantee that XLA will be used). Devices:
2021-08-06 12:42:33.910104: I tensorflow/compiler/xla/service/service.cc:176]   StreamExecutor device (0): Host, Default Version
read in  3
[]
Traceback (most recent call last):
  File "inference_pipeline.py", line 145, in <module>
    cat['pred'] = 2.0 
NameError: name 'cat' is not defined
This is SLURM task 91 for tile 
3 band code
downloading 3 files on host cdr621.int.cedar.computecanada.ca
Fri Aug  6 12:42:36 PDT 2021
performing inference on 3
Fri Aug  6 12:42:36 PDT 2021
2021-08-06 12:42:41.224117: I tensorflow/stream_executor/platform/default/dso_loader.cc:48] Successfully opened dynamic library libcudart.so.10.1
2021-08-06 12:43:06.133904: W tensorflow/stream_executor/platform/default/dso_loader.cc:59] Could not load dynamic library 'libcuda.so.1'; dlerror: libcuda.so.1: cannot open shared object file: No such file or directory
2021-08-06 12:43:06.134140: W tensorflow/stream_executor/cuda/cuda_driver.cc:312] failed call to cuInit: UNKNOWN ERROR (303)
2021-08-06 12:43:06.134299: I tensorflow/stream_executor/cuda/cuda_diagnostics.cc:156] kernel driver does not appear to be running on this host (cdr621.int.cedar.computecanada.ca): /proc/driver/nvidia/version does not exist
2021-08-06 12:43:06.134959: I tensorflow/core/platform/cpu_feature_guard.cc:142] This TensorFlow binary is optimized with oneAPI Deep Neural Network Library (oneDNN)to use the following CPU instructions in performance-critical operations:  AVX2 FMA
To enable them in other operations, rebuild TensorFlow with the appropriate compiler flags.
2021-08-06 12:43:06.146442: I tensorflow/core/platform/profile_utils/cpu_utils.cc:104] CPU Frequency: 2095114999 Hz
2021-08-06 12:43:06.146837: I tensorflow/compiler/xla/service/service.cc:168] XLA service 0x84130e0 initialized for platform Host (this does not guarantee that XLA will be used). Devices:
2021-08-06 12:43:06.146932: I tensorflow/compiler/xla/service/service.cc:176]   StreamExecutor device (0): Host, Default Version
read in  3
[]
Traceback (most recent call last):
  File "inference_pipeline.py", line 145, in <module>
    cat['pred'] = 2.0 
NameError: name 'cat' is not defined
This is SLURM task 91 for tile 
3 band code
downloading 3 files on host cdr621.int.cedar.computecanada.ca
Fri Aug  6 12:43:08 PDT 2021
performing inference on 3
Fri Aug  6 12:43:08 PDT 2021
2021-08-06 12:43:13.035573: I tensorflow/stream_executor/platform/default/dso_loader.cc:48] Successfully opened dynamic library libcudart.so.10.1
