This is task 71, which will do tiles  to 
This is SLURM task 71 for tile 
3 band code
downloading 3 files on host cdr654.int.cedar.computecanada.ca
Fri Aug  6 12:41:22 PDT 2021
performing inference on 3
Fri Aug  6 12:41:22 PDT 2021
2021-08-06 12:41:33.173328: I tensorflow/stream_executor/platform/default/dso_loader.cc:48] Successfully opened dynamic library libcudart.so.10.1
2021-08-06 12:42:18.007403: W tensorflow/stream_executor/platform/default/dso_loader.cc:59] Could not load dynamic library 'libcuda.so.1'; dlerror: libcuda.so.1: cannot open shared object file: No such file or directory
2021-08-06 12:42:18.016604: W tensorflow/stream_executor/cuda/cuda_driver.cc:312] failed call to cuInit: UNKNOWN ERROR (303)
2021-08-06 12:42:18.016867: I tensorflow/stream_executor/cuda/cuda_diagnostics.cc:156] kernel driver does not appear to be running on this host (cdr654.int.cedar.computecanada.ca): /proc/driver/nvidia/version does not exist
2021-08-06 12:42:18.018153: I tensorflow/core/platform/cpu_feature_guard.cc:142] This TensorFlow binary is optimized with oneAPI Deep Neural Network Library (oneDNN)to use the following CPU instructions in performance-critical operations:  AVX2 FMA
To enable them in other operations, rebuild TensorFlow with the appropriate compiler flags.
2021-08-06 12:42:18.056303: I tensorflow/core/platform/profile_utils/cpu_utils.cc:104] CPU Frequency: 2095210000 Hz
2021-08-06 12:42:18.057952: I tensorflow/compiler/xla/service/service.cc:168] XLA service 0x69fd080 initialized for platform Host (this does not guarantee that XLA will be used). Devices:
2021-08-06 12:42:18.058130: I tensorflow/compiler/xla/service/service.cc:176]   StreamExecutor device (0): Host, Default Version
read in  3
[]
Traceback (most recent call last):
  File "inference_pipeline.py", line 145, in <module>
    cat['pred'] = 2.0 
NameError: name 'cat' is not defined
This is SLURM task 71 for tile 
3 band code
downloading 3 files on host cdr654.int.cedar.computecanada.ca
Fri Aug  6 12:42:23 PDT 2021
performing inference on 3
Fri Aug  6 12:42:23 PDT 2021
2021-08-06 12:42:30.959120: I tensorflow/stream_executor/platform/default/dso_loader.cc:48] Successfully opened dynamic library libcudart.so.10.1
2021-08-06 12:43:14.446152: W tensorflow/stream_executor/platform/default/dso_loader.cc:59] Could not load dynamic library 'libcuda.so.1'; dlerror: libcuda.so.1: cannot open shared object file: No such file or directory
2021-08-06 12:43:14.471247: W tensorflow/stream_executor/cuda/cuda_driver.cc:312] failed call to cuInit: UNKNOWN ERROR (303)
2021-08-06 12:43:14.476820: I tensorflow/stream_executor/cuda/cuda_diagnostics.cc:156] kernel driver does not appear to be running on this host (cdr654.int.cedar.computecanada.ca): /proc/driver/nvidia/version does not exist
2021-08-06 12:43:14.484731: I tensorflow/core/platform/cpu_feature_guard.cc:142] This TensorFlow binary is optimized with oneAPI Deep Neural Network Library (oneDNN)to use the following CPU instructions in performance-critical operations:  AVX2 FMA
To enable them in other operations, rebuild TensorFlow with the appropriate compiler flags.
2021-08-06 12:43:14.703367: I tensorflow/core/platform/profile_utils/cpu_utils.cc:104] CPU Frequency: 2095210000 Hz
2021-08-06 12:43:14.719618: I tensorflow/compiler/xla/service/service.cc:168] XLA service 0x80c99f0 initialized for platform Host (this does not guarantee that XLA will be used). Devices:
2021-08-06 12:43:14.719913: I tensorflow/compiler/xla/service/service.cc:176]   StreamExecutor device (0): Host, Default Version
read in  3
[]
Traceback (most recent call last):
  File "inference_pipeline.py", line 145, in <module>
    cat['pred'] = 2.0 
NameError: name 'cat' is not defined
This is SLURM task 71 for tile 
3 band code
downloading 3 files on host cdr654.int.cedar.computecanada.ca
Fri Aug  6 12:43:20 PDT 2021
performing inference on 3
Fri Aug  6 12:43:20 PDT 2021
