This is task 18, which will do tiles CFIS.246.260.r to CFIS.254.281.r
This is SLURM task 18 for tile CFIS.246.260
3 band code
downloading CFIS.246.260 files on host cdr641.int.cedar.computecanada.ca
Fri Aug  6 12:41:19 PDT 2021
INFO vcp vos:cfis/tiles_DR3/CFIS.246.260.u.fits -> /localscratch/anahoban.9684172.0/CFIS.246.260/CFIS.246.260.u.fits 
INFO vcp vos:cfis/tiles_DR3/CFIS.246.260.u.cat -> /localscratch/anahoban.9684172.0/CFIS.246.260/CFIS.246.260.u.cat 
INFO vcp vos:cfis/tiles_DR3/CFIS.246.260.r.fits -> /localscratch/anahoban.9684172.0/CFIS.246.260/CFIS.246.260.r.fits 
INFO vcp vos:cfis/tiles_DR3/CFIS.246.260.r.cat -> /localscratch/anahoban.9684172.0/CFIS.246.260/CFIS.246.260.r.cat 
performing inference on CFIS.246.260
Fri Aug  6 12:41:55 PDT 2021
2021-08-06 12:41:59.222669: I tensorflow/stream_executor/platform/default/dso_loader.cc:48] Successfully opened dynamic library libcudart.so.10.1
2021-08-06 12:42:22.177926: W tensorflow/stream_executor/platform/default/dso_loader.cc:59] Could not load dynamic library 'libcuda.so.1'; dlerror: libcuda.so.1: cannot open shared object file: No such file or directory
2021-08-06 12:42:22.178147: W tensorflow/stream_executor/cuda/cuda_driver.cc:312] failed call to cuInit: UNKNOWN ERROR (303)
2021-08-06 12:42:22.178274: I tensorflow/stream_executor/cuda/cuda_diagnostics.cc:156] kernel driver does not appear to be running on this host (cdr641.int.cedar.computecanada.ca): /proc/driver/nvidia/version does not exist
2021-08-06 12:42:22.178938: I tensorflow/core/platform/cpu_feature_guard.cc:142] This TensorFlow binary is optimized with oneAPI Deep Neural Network Library (oneDNN)to use the following CPU instructions in performance-critical operations:  AVX2 FMA
To enable them in other operations, rebuild TensorFlow with the appropriate compiler flags.
2021-08-06 12:42:22.188950: I tensorflow/core/platform/profile_utils/cpu_utils.cc:104] CPU Frequency: 2095030000 Hz
2021-08-06 12:42:22.189312: I tensorflow/compiler/xla/service/service.cc:168] XLA service 0x7cbe440 initialized for platform Host (this does not guarantee that XLA will be used). Devices:
2021-08-06 12:42:22.189418: I tensorflow/compiler/xla/service/service.cc:176]   StreamExecutor device (0): Host, Default Version
