This is task 64, which will do tiles  to 
This is SLURM task 64 for tile 
3 band code
downloading 3 files on host cdr568.int.cedar.computecanada.ca
Fri Aug  6 12:41:22 PDT 2021
performing inference on 3
Fri Aug  6 12:41:22 PDT 2021
2021-08-06 12:41:29.717452: I tensorflow/stream_executor/platform/default/dso_loader.cc:48] Successfully opened dynamic library libcudart.so.10.1
2021-08-06 12:42:00.317600: W tensorflow/stream_executor/platform/default/dso_loader.cc:59] Could not load dynamic library 'libcuda.so.1'; dlerror: libcuda.so.1: cannot open shared object file: No such file or directory
2021-08-06 12:42:00.351470: W tensorflow/stream_executor/cuda/cuda_driver.cc:312] failed call to cuInit: UNKNOWN ERROR (303)
2021-08-06 12:42:00.351596: I tensorflow/stream_executor/cuda/cuda_diagnostics.cc:156] kernel driver does not appear to be running on this host (cdr568.int.cedar.computecanada.ca): /proc/driver/nvidia/version does not exist
2021-08-06 12:42:00.352362: I tensorflow/core/platform/cpu_feature_guard.cc:142] This TensorFlow binary is optimized with oneAPI Deep Neural Network Library (oneDNN)to use the following CPU instructions in performance-critical operations:  AVX2 FMA
To enable them in other operations, rebuild TensorFlow with the appropriate compiler flags.
2021-08-06 12:42:00.363033: I tensorflow/core/platform/profile_utils/cpu_utils.cc:104] CPU Frequency: 2095054999 Hz
2021-08-06 12:42:00.363354: I tensorflow/compiler/xla/service/service.cc:168] XLA service 0x7577760 initialized for platform Host (this does not guarantee that XLA will be used). Devices:
2021-08-06 12:42:00.363438: I tensorflow/compiler/xla/service/service.cc:176]   StreamExecutor device (0): Host, Default Version
read in  3
[]
Traceback (most recent call last):
  File "inference_pipeline.py", line 145, in <module>
    cat['pred'] = 2.0 
NameError: name 'cat' is not defined
This is SLURM task 64 for tile 
3 band code
downloading 3 files on host cdr568.int.cedar.computecanada.ca
Fri Aug  6 12:42:03 PDT 2021
performing inference on 3
Fri Aug  6 12:42:03 PDT 2021
2021-08-06 12:42:07.674266: I tensorflow/stream_executor/platform/default/dso_loader.cc:48] Successfully opened dynamic library libcudart.so.10.1
2021-08-06 12:42:32.622955: W tensorflow/stream_executor/platform/default/dso_loader.cc:59] Could not load dynamic library 'libcuda.so.1'; dlerror: libcuda.so.1: cannot open shared object file: No such file or directory
2021-08-06 12:42:32.623103: W tensorflow/stream_executor/cuda/cuda_driver.cc:312] failed call to cuInit: UNKNOWN ERROR (303)
2021-08-06 12:42:32.623207: I tensorflow/stream_executor/cuda/cuda_diagnostics.cc:156] kernel driver does not appear to be running on this host (cdr568.int.cedar.computecanada.ca): /proc/driver/nvidia/version does not exist
2021-08-06 12:42:32.623851: I tensorflow/core/platform/cpu_feature_guard.cc:142] This TensorFlow binary is optimized with oneAPI Deep Neural Network Library (oneDNN)to use the following CPU instructions in performance-critical operations:  AVX2 FMA
To enable them in other operations, rebuild TensorFlow with the appropriate compiler flags.
2021-08-06 12:42:32.635164: I tensorflow/core/platform/profile_utils/cpu_utils.cc:104] CPU Frequency: 2095054999 Hz
2021-08-06 12:42:32.635533: I tensorflow/compiler/xla/service/service.cc:168] XLA service 0x7896030 initialized for platform Host (this does not guarantee that XLA will be used). Devices:
2021-08-06 12:42:32.635606: I tensorflow/compiler/xla/service/service.cc:176]   StreamExecutor device (0): Host, Default Version
read in  3
[]
Traceback (most recent call last):
  File "inference_pipeline.py", line 145, in <module>
    cat['pred'] = 2.0 
NameError: name 'cat' is not defined
This is SLURM task 64 for tile 
3 band code
downloading 3 files on host cdr568.int.cedar.computecanada.ca
Fri Aug  6 12:42:35 PDT 2021
performing inference on 3
Fri Aug  6 12:42:35 PDT 2021
2021-08-06 12:42:39.979553: I tensorflow/stream_executor/platform/default/dso_loader.cc:48] Successfully opened dynamic library libcudart.so.10.1
2021-08-06 12:43:04.674504: W tensorflow/stream_executor/platform/default/dso_loader.cc:59] Could not load dynamic library 'libcuda.so.1'; dlerror: libcuda.so.1: cannot open shared object file: No such file or directory
2021-08-06 12:43:04.674704: W tensorflow/stream_executor/cuda/cuda_driver.cc:312] failed call to cuInit: UNKNOWN ERROR (303)
2021-08-06 12:43:04.674814: I tensorflow/stream_executor/cuda/cuda_diagnostics.cc:156] kernel driver does not appear to be running on this host (cdr568.int.cedar.computecanada.ca): /proc/driver/nvidia/version does not exist
2021-08-06 12:43:04.676000: I tensorflow/core/platform/cpu_feature_guard.cc:142] This TensorFlow binary is optimized with oneAPI Deep Neural Network Library (oneDNN)to use the following CPU instructions in performance-critical operations:  AVX2 FMA
To enable them in other operations, rebuild TensorFlow with the appropriate compiler flags.
2021-08-06 12:43:04.686675: I tensorflow/core/platform/profile_utils/cpu_utils.cc:104] CPU Frequency: 2095054999 Hz
2021-08-06 12:43:04.686977: I tensorflow/compiler/xla/service/service.cc:168] XLA service 0x5c85640 initialized for platform Host (this does not guarantee that XLA will be used). Devices:
2021-08-06 12:43:04.687084: I tensorflow/compiler/xla/service/service.cc:176]   StreamExecutor device (0): Host, Default Version
read in  3
[]
Traceback (most recent call last):
  File "inference_pipeline.py", line 145, in <module>
    cat['pred'] = 2.0 
NameError: name 'cat' is not defined
This is SLURM task 64 for tile 
3 band code
downloading 3 files on host cdr568.int.cedar.computecanada.ca
Fri Aug  6 12:43:07 PDT 2021
performing inference on 3
Fri Aug  6 12:43:07 PDT 2021
2021-08-06 12:43:12.409630: I tensorflow/stream_executor/platform/default/dso_loader.cc:48] Successfully opened dynamic library libcudart.so.10.1
