This is task 87, which will do tiles  to 
This is SLURM task 87 for tile 
3 band code
downloading 3 files on host cdr621.int.cedar.computecanada.ca
Fri Aug  6 12:41:27 PDT 2021
performing inference on 3
Fri Aug  6 12:41:27 PDT 2021
2021-08-06 12:41:33.734285: I tensorflow/stream_executor/platform/default/dso_loader.cc:48] Successfully opened dynamic library libcudart.so.10.1
2021-08-06 12:42:01.171485: W tensorflow/stream_executor/platform/default/dso_loader.cc:59] Could not load dynamic library 'libcuda.so.1'; dlerror: libcuda.so.1: cannot open shared object file: No such file or directory
2021-08-06 12:42:01.176119: W tensorflow/stream_executor/cuda/cuda_driver.cc:312] failed call to cuInit: UNKNOWN ERROR (303)
2021-08-06 12:42:01.178594: I tensorflow/stream_executor/cuda/cuda_diagnostics.cc:156] kernel driver does not appear to be running on this host (cdr621.int.cedar.computecanada.ca): /proc/driver/nvidia/version does not exist
2021-08-06 12:42:01.184469: I tensorflow/core/platform/cpu_feature_guard.cc:142] This TensorFlow binary is optimized with oneAPI Deep Neural Network Library (oneDNN)to use the following CPU instructions in performance-critical operations:  AVX2 FMA
To enable them in other operations, rebuild TensorFlow with the appropriate compiler flags.
2021-08-06 12:42:01.285674: I tensorflow/core/platform/profile_utils/cpu_utils.cc:104] CPU Frequency: 2095114999 Hz
2021-08-06 12:42:01.292814: I tensorflow/compiler/xla/service/service.cc:168] XLA service 0x7f7cdb0 initialized for platform Host (this does not guarantee that XLA will be used). Devices:
2021-08-06 12:42:01.292933: I tensorflow/compiler/xla/service/service.cc:176]   StreamExecutor device (0): Host, Default Version
read in  3
[]
Traceback (most recent call last):
  File "inference_pipeline.py", line 145, in <module>
    cat['pred'] = 2.0 
NameError: name 'cat' is not defined
This is SLURM task 87 for tile 
3 band code
downloading 3 files on host cdr621.int.cedar.computecanada.ca
Fri Aug  6 12:42:04 PDT 2021
performing inference on 3
Fri Aug  6 12:42:04 PDT 2021
2021-08-06 12:42:08.838043: I tensorflow/stream_executor/platform/default/dso_loader.cc:48] Successfully opened dynamic library libcudart.so.10.1
2021-08-06 12:42:33.897304: W tensorflow/stream_executor/platform/default/dso_loader.cc:59] Could not load dynamic library 'libcuda.so.1'; dlerror: libcuda.so.1: cannot open shared object file: No such file or directory
2021-08-06 12:42:33.897480: W tensorflow/stream_executor/cuda/cuda_driver.cc:312] failed call to cuInit: UNKNOWN ERROR (303)
2021-08-06 12:42:33.897577: I tensorflow/stream_executor/cuda/cuda_diagnostics.cc:156] kernel driver does not appear to be running on this host (cdr621.int.cedar.computecanada.ca): /proc/driver/nvidia/version does not exist
2021-08-06 12:42:33.898241: I tensorflow/core/platform/cpu_feature_guard.cc:142] This TensorFlow binary is optimized with oneAPI Deep Neural Network Library (oneDNN)to use the following CPU instructions in performance-critical operations:  AVX2 FMA
To enable them in other operations, rebuild TensorFlow with the appropriate compiler flags.
2021-08-06 12:42:33.909127: I tensorflow/core/platform/profile_utils/cpu_utils.cc:104] CPU Frequency: 2095114999 Hz
2021-08-06 12:42:33.909512: I tensorflow/compiler/xla/service/service.cc:168] XLA service 0x7075ae0 initialized for platform Host (this does not guarantee that XLA will be used). Devices:
2021-08-06 12:42:33.909601: I tensorflow/compiler/xla/service/service.cc:176]   StreamExecutor device (0): Host, Default Version
read in  3
[]
Traceback (most recent call last):
  File "inference_pipeline.py", line 145, in <module>
    cat['pred'] = 2.0 
NameError: name 'cat' is not defined
This is SLURM task 87 for tile 
3 band code
downloading 3 files on host cdr621.int.cedar.computecanada.ca
Fri Aug  6 12:42:36 PDT 2021
performing inference on 3
Fri Aug  6 12:42:36 PDT 2021
2021-08-06 12:42:41.200577: I tensorflow/stream_executor/platform/default/dso_loader.cc:48] Successfully opened dynamic library libcudart.so.10.1
2021-08-06 12:43:05.981450: W tensorflow/stream_executor/platform/default/dso_loader.cc:59] Could not load dynamic library 'libcuda.so.1'; dlerror: libcuda.so.1: cannot open shared object file: No such file or directory
2021-08-06 12:43:05.981641: W tensorflow/stream_executor/cuda/cuda_driver.cc:312] failed call to cuInit: UNKNOWN ERROR (303)
2021-08-06 12:43:05.981831: I tensorflow/stream_executor/cuda/cuda_diagnostics.cc:156] kernel driver does not appear to be running on this host (cdr621.int.cedar.computecanada.ca): /proc/driver/nvidia/version does not exist
2021-08-06 12:43:05.982478: I tensorflow/core/platform/cpu_feature_guard.cc:142] This TensorFlow binary is optimized with oneAPI Deep Neural Network Library (oneDNN)to use the following CPU instructions in performance-critical operations:  AVX2 FMA
To enable them in other operations, rebuild TensorFlow with the appropriate compiler flags.
2021-08-06 12:43:05.993469: I tensorflow/core/platform/profile_utils/cpu_utils.cc:104] CPU Frequency: 2095114999 Hz
2021-08-06 12:43:05.994002: I tensorflow/compiler/xla/service/service.cc:168] XLA service 0x7bf4b30 initialized for platform Host (this does not guarantee that XLA will be used). Devices:
2021-08-06 12:43:05.994111: I tensorflow/compiler/xla/service/service.cc:176]   StreamExecutor device (0): Host, Default Version
read in  3
[]
Traceback (most recent call last):
  File "inference_pipeline.py", line 145, in <module>
    cat['pred'] = 2.0 
NameError: name 'cat' is not defined
This is SLURM task 87 for tile 
3 band code
downloading 3 files on host cdr621.int.cedar.computecanada.ca
Fri Aug  6 12:43:08 PDT 2021
performing inference on 3
Fri Aug  6 12:43:09 PDT 2021
2021-08-06 12:43:13.030855: I tensorflow/stream_executor/platform/default/dso_loader.cc:48] Successfully opened dynamic library libcudart.so.10.1
