This is task 31, which will do tiles CFIS.370.259.r to CFIS.382.250.r
This is SLURM task 31 for tile CFIS.370.259
3 band code
downloading CFIS.370.259 files on host cdr650.int.cedar.computecanada.ca
Fri Aug  6 12:41:19 PDT 2021
INFO vcp vos:cfis/tiles_DR3/CFIS.370.259.u.fits -> /localscratch/anahoban.9684185.0/CFIS.370.259/CFIS.370.259.u.fits 
INFO vcp vos:cfis/tiles_DR3/CFIS.370.259.u.cat -> /localscratch/anahoban.9684185.0/CFIS.370.259/CFIS.370.259.u.cat 
INFO vcp vos:cfis/tiles_DR3/CFIS.370.259.r.fits -> /localscratch/anahoban.9684185.0/CFIS.370.259/CFIS.370.259.r.fits 
INFO vcp vos:cfis/tiles_DR3/CFIS.370.259.r.cat -> /localscratch/anahoban.9684185.0/CFIS.370.259/CFIS.370.259.r.cat 
performing inference on CFIS.370.259
Fri Aug  6 12:42:12 PDT 2021
2021-08-06 12:42:15.052817: I tensorflow/stream_executor/platform/default/dso_loader.cc:48] Successfully opened dynamic library libcudart.so.10.1
2021-08-06 12:42:36.901588: W tensorflow/stream_executor/platform/default/dso_loader.cc:59] Could not load dynamic library 'libcuda.so.1'; dlerror: libcuda.so.1: cannot open shared object file: No such file or directory
2021-08-06 12:42:36.901762: W tensorflow/stream_executor/cuda/cuda_driver.cc:312] failed call to cuInit: UNKNOWN ERROR (303)
2021-08-06 12:42:36.901851: I tensorflow/stream_executor/cuda/cuda_diagnostics.cc:156] kernel driver does not appear to be running on this host (cdr650.int.cedar.computecanada.ca): /proc/driver/nvidia/version does not exist
2021-08-06 12:42:36.902506: I tensorflow/core/platform/cpu_feature_guard.cc:142] This TensorFlow binary is optimized with oneAPI Deep Neural Network Library (oneDNN)to use the following CPU instructions in performance-critical operations:  AVX2 FMA
To enable them in other operations, rebuild TensorFlow with the appropriate compiler flags.
2021-08-06 12:42:36.912762: I tensorflow/core/platform/profile_utils/cpu_utils.cc:104] CPU Frequency: 2095190000 Hz
2021-08-06 12:42:36.913057: I tensorflow/compiler/xla/service/service.cc:168] XLA service 0x6d2c4d0 initialized for platform Host (this does not guarantee that XLA will be used). Devices:
2021-08-06 12:42:36.913150: I tensorflow/compiler/xla/service/service.cc:176]   StreamExecutor device (0): Host, Default Version
