This is task 98, which will do tiles  to 
This is SLURM task 98 for tile 
3 band code
downloading 3 files on host cdr626.int.cedar.computecanada.ca
Fri Aug  6 12:41:28 PDT 2021
performing inference on 3
Fri Aug  6 12:41:28 PDT 2021
2021-08-06 12:41:36.645932: I tensorflow/stream_executor/platform/default/dso_loader.cc:48] Successfully opened dynamic library libcudart.so.10.1
2021-08-06 12:42:05.677123: W tensorflow/stream_executor/platform/default/dso_loader.cc:59] Could not load dynamic library 'libcuda.so.1'; dlerror: libcuda.so.1: cannot open shared object file: No such file or directory
2021-08-06 12:42:05.681795: W tensorflow/stream_executor/cuda/cuda_driver.cc:312] failed call to cuInit: UNKNOWN ERROR (303)
2021-08-06 12:42:05.682351: I tensorflow/stream_executor/cuda/cuda_diagnostics.cc:156] kernel driver does not appear to be running on this host (cdr626.int.cedar.computecanada.ca): /proc/driver/nvidia/version does not exist
2021-08-06 12:42:05.685521: I tensorflow/core/platform/cpu_feature_guard.cc:142] This TensorFlow binary is optimized with oneAPI Deep Neural Network Library (oneDNN)to use the following CPU instructions in performance-critical operations:  AVX2 FMA
To enable them in other operations, rebuild TensorFlow with the appropriate compiler flags.
2021-08-06 12:42:05.764294: I tensorflow/core/platform/profile_utils/cpu_utils.cc:104] CPU Frequency: 2095225000 Hz
2021-08-06 12:42:05.768038: I tensorflow/compiler/xla/service/service.cc:168] XLA service 0x702db40 initialized for platform Host (this does not guarantee that XLA will be used). Devices:
2021-08-06 12:42:05.768309: I tensorflow/compiler/xla/service/service.cc:176]   StreamExecutor device (0): Host, Default Version
read in  3
[]
Traceback (most recent call last):
  File "inference_pipeline.py", line 145, in <module>
    cat['pred'] = 2.0 
NameError: name 'cat' is not defined
This is SLURM task 98 for tile 
3 band code
downloading 3 files on host cdr626.int.cedar.computecanada.ca
Fri Aug  6 12:42:09 PDT 2021
performing inference on 3
Fri Aug  6 12:42:09 PDT 2021
2021-08-06 12:42:14.148240: I tensorflow/stream_executor/platform/default/dso_loader.cc:48] Successfully opened dynamic library libcudart.so.10.1
2021-08-06 12:42:39.705243: W tensorflow/stream_executor/platform/default/dso_loader.cc:59] Could not load dynamic library 'libcuda.so.1'; dlerror: libcuda.so.1: cannot open shared object file: No such file or directory
2021-08-06 12:42:39.705423: W tensorflow/stream_executor/cuda/cuda_driver.cc:312] failed call to cuInit: UNKNOWN ERROR (303)
2021-08-06 12:42:39.705554: I tensorflow/stream_executor/cuda/cuda_diagnostics.cc:156] kernel driver does not appear to be running on this host (cdr626.int.cedar.computecanada.ca): /proc/driver/nvidia/version does not exist
2021-08-06 12:42:39.706251: I tensorflow/core/platform/cpu_feature_guard.cc:142] This TensorFlow binary is optimized with oneAPI Deep Neural Network Library (oneDNN)to use the following CPU instructions in performance-critical operations:  AVX2 FMA
To enable them in other operations, rebuild TensorFlow with the appropriate compiler flags.
2021-08-06 12:42:39.721199: I tensorflow/core/platform/profile_utils/cpu_utils.cc:104] CPU Frequency: 2095225000 Hz
2021-08-06 12:42:39.721646: I tensorflow/compiler/xla/service/service.cc:168] XLA service 0x7c9a3c0 initialized for platform Host (this does not guarantee that XLA will be used). Devices:
2021-08-06 12:42:39.721714: I tensorflow/compiler/xla/service/service.cc:176]   StreamExecutor device (0): Host, Default Version
read in  3
[]
Traceback (most recent call last):
  File "inference_pipeline.py", line 145, in <module>
    cat['pred'] = 2.0 
NameError: name 'cat' is not defined
This is SLURM task 98 for tile 
3 band code
downloading 3 files on host cdr626.int.cedar.computecanada.ca
Fri Aug  6 12:42:42 PDT 2021
performing inference on 3
Fri Aug  6 12:42:42 PDT 2021
2021-08-06 12:42:47.215540: I tensorflow/stream_executor/platform/default/dso_loader.cc:48] Successfully opened dynamic library libcudart.so.10.1
2021-08-06 12:43:12.599112: W tensorflow/stream_executor/platform/default/dso_loader.cc:59] Could not load dynamic library 'libcuda.so.1'; dlerror: libcuda.so.1: cannot open shared object file: No such file or directory
2021-08-06 12:43:12.599315: W tensorflow/stream_executor/cuda/cuda_driver.cc:312] failed call to cuInit: UNKNOWN ERROR (303)
2021-08-06 12:43:12.599412: I tensorflow/stream_executor/cuda/cuda_diagnostics.cc:156] kernel driver does not appear to be running on this host (cdr626.int.cedar.computecanada.ca): /proc/driver/nvidia/version does not exist
2021-08-06 12:43:12.600866: I tensorflow/core/platform/cpu_feature_guard.cc:142] This TensorFlow binary is optimized with oneAPI Deep Neural Network Library (oneDNN)to use the following CPU instructions in performance-critical operations:  AVX2 FMA
To enable them in other operations, rebuild TensorFlow with the appropriate compiler flags.
2021-08-06 12:43:12.612444: I tensorflow/core/platform/profile_utils/cpu_utils.cc:104] CPU Frequency: 2095225000 Hz
2021-08-06 12:43:12.612871: I tensorflow/compiler/xla/service/service.cc:168] XLA service 0x6b87f90 initialized for platform Host (this does not guarantee that XLA will be used). Devices:
2021-08-06 12:43:12.612952: I tensorflow/compiler/xla/service/service.cc:176]   StreamExecutor device (0): Host, Default Version
read in  3
[]
Traceback (most recent call last):
  File "inference_pipeline.py", line 145, in <module>
    cat['pred'] = 2.0 
NameError: name 'cat' is not defined
This is SLURM task 98 for tile 
3 band code
downloading 3 files on host cdr626.int.cedar.computecanada.ca
Fri Aug  6 12:43:15 PDT 2021
performing inference on 3
Fri Aug  6 12:43:15 PDT 2021
2021-08-06 12:43:19.938125: I tensorflow/stream_executor/platform/default/dso_loader.cc:48] Successfully opened dynamic library libcudart.so.10.1
