This is task 25, which will do tiles CFIS.311.292.r to CFIS.321.253.r
This is SLURM task 25 for tile CFIS.311.292
3 band code
downloading CFIS.311.292 files on host cdr648.int.cedar.computecanada.ca
Fri Aug  6 12:41:19 PDT 2021
INFO vcp vos:cfis/tiles_DR3/CFIS.311.292.u.fits -> /localscratch/anahoban.9684179.0/CFIS.311.292/CFIS.311.292.u.fits 
INFO vcp vos:cfis/tiles_DR3/CFIS.311.292.u.cat -> /localscratch/anahoban.9684179.0/CFIS.311.292/CFIS.311.292.u.cat 
INFO vcp vos:cfis/tiles_DR3/CFIS.311.292.r.fits -> /localscratch/anahoban.9684179.0/CFIS.311.292/CFIS.311.292.r.fits 
INFO vcp vos:cfis/tiles_DR3/CFIS.311.292.r.cat -> /localscratch/anahoban.9684179.0/CFIS.311.292/CFIS.311.292.r.cat 
performing inference on CFIS.311.292
Fri Aug  6 12:42:00 PDT 2021
2021-08-06 12:42:03.599266: I tensorflow/stream_executor/platform/default/dso_loader.cc:48] Successfully opened dynamic library libcudart.so.10.1
2021-08-06 12:42:25.599835: W tensorflow/stream_executor/platform/default/dso_loader.cc:59] Could not load dynamic library 'libcuda.so.1'; dlerror: libcuda.so.1: cannot open shared object file: No such file or directory
2021-08-06 12:42:25.600123: W tensorflow/stream_executor/cuda/cuda_driver.cc:312] failed call to cuInit: UNKNOWN ERROR (303)
2021-08-06 12:42:25.600261: I tensorflow/stream_executor/cuda/cuda_diagnostics.cc:156] kernel driver does not appear to be running on this host (cdr648.int.cedar.computecanada.ca): /proc/driver/nvidia/version does not exist
2021-08-06 12:42:25.600916: I tensorflow/core/platform/cpu_feature_guard.cc:142] This TensorFlow binary is optimized with oneAPI Deep Neural Network Library (oneDNN)to use the following CPU instructions in performance-critical operations:  AVX2 FMA
To enable them in other operations, rebuild TensorFlow with the appropriate compiler flags.
2021-08-06 12:42:25.610552: I tensorflow/core/platform/profile_utils/cpu_utils.cc:104] CPU Frequency: 2095125000 Hz
2021-08-06 12:42:25.610845: I tensorflow/compiler/xla/service/service.cc:168] XLA service 0x75e1b50 initialized for platform Host (this does not guarantee that XLA will be used). Devices:
2021-08-06 12:42:25.610960: I tensorflow/compiler/xla/service/service.cc:176]   StreamExecutor device (0): Host, Default Version
