This is task 79, which will do tiles  to 
This is SLURM task 79 for tile 
3 band code
downloading 3 files on host cdr598.int.cedar.computecanada.ca
Fri Aug  6 12:41:23 PDT 2021
performing inference on 3
Fri Aug  6 12:41:23 PDT 2021
2021-08-06 12:41:28.790644: I tensorflow/stream_executor/platform/default/dso_loader.cc:48] Successfully opened dynamic library libcudart.so.10.1
2021-08-06 12:42:00.265943: W tensorflow/stream_executor/platform/default/dso_loader.cc:59] Could not load dynamic library 'libcuda.so.1'; dlerror: libcuda.so.1: cannot open shared object file: No such file or directory
2021-08-06 12:42:00.269167: W tensorflow/stream_executor/cuda/cuda_driver.cc:312] failed call to cuInit: UNKNOWN ERROR (303)
2021-08-06 12:42:00.271889: I tensorflow/stream_executor/cuda/cuda_diagnostics.cc:156] kernel driver does not appear to be running on this host (cdr598.int.cedar.computecanada.ca): /proc/driver/nvidia/version does not exist
2021-08-06 12:42:00.276252: I tensorflow/core/platform/cpu_feature_guard.cc:142] This TensorFlow binary is optimized with oneAPI Deep Neural Network Library (oneDNN)to use the following CPU instructions in performance-critical operations:  AVX2 FMA
To enable them in other operations, rebuild TensorFlow with the appropriate compiler flags.
2021-08-06 12:42:00.341024: I tensorflow/core/platform/profile_utils/cpu_utils.cc:104] CPU Frequency: 2095315000 Hz
2021-08-06 12:42:00.344285: I tensorflow/compiler/xla/service/service.cc:168] XLA service 0x6ebfbd0 initialized for platform Host (this does not guarantee that XLA will be used). Devices:
2021-08-06 12:42:00.344442: I tensorflow/compiler/xla/service/service.cc:176]   StreamExecutor device (0): Host, Default Version
read in  3
[]
Traceback (most recent call last):
  File "inference_pipeline.py", line 145, in <module>
    cat['pred'] = 2.0 
NameError: name 'cat' is not defined
This is SLURM task 79 for tile 
3 band code
downloading 3 files on host cdr598.int.cedar.computecanada.ca
Fri Aug  6 12:42:03 PDT 2021
performing inference on 3
Fri Aug  6 12:42:03 PDT 2021
2021-08-06 12:42:07.701163: I tensorflow/stream_executor/platform/default/dso_loader.cc:48] Successfully opened dynamic library libcudart.so.10.1
2021-08-06 12:42:32.453414: W tensorflow/stream_executor/platform/default/dso_loader.cc:59] Could not load dynamic library 'libcuda.so.1'; dlerror: libcuda.so.1: cannot open shared object file: No such file or directory
2021-08-06 12:42:32.453615: W tensorflow/stream_executor/cuda/cuda_driver.cc:312] failed call to cuInit: UNKNOWN ERROR (303)
2021-08-06 12:42:32.453713: I tensorflow/stream_executor/cuda/cuda_diagnostics.cc:156] kernel driver does not appear to be running on this host (cdr598.int.cedar.computecanada.ca): /proc/driver/nvidia/version does not exist
2021-08-06 12:42:32.454367: I tensorflow/core/platform/cpu_feature_guard.cc:142] This TensorFlow binary is optimized with oneAPI Deep Neural Network Library (oneDNN)to use the following CPU instructions in performance-critical operations:  AVX2 FMA
To enable them in other operations, rebuild TensorFlow with the appropriate compiler flags.
2021-08-06 12:42:32.465300: I tensorflow/core/platform/profile_utils/cpu_utils.cc:104] CPU Frequency: 2095315000 Hz
2021-08-06 12:42:32.465691: I tensorflow/compiler/xla/service/service.cc:168] XLA service 0x6b0e940 initialized for platform Host (this does not guarantee that XLA will be used). Devices:
2021-08-06 12:42:32.465806: I tensorflow/compiler/xla/service/service.cc:176]   StreamExecutor device (0): Host, Default Version
read in  3
[]
Traceback (most recent call last):
  File "inference_pipeline.py", line 145, in <module>
    cat['pred'] = 2.0 
NameError: name 'cat' is not defined
This is SLURM task 79 for tile 
3 band code
downloading 3 files on host cdr598.int.cedar.computecanada.ca
Fri Aug  6 12:42:35 PDT 2021
performing inference on 3
Fri Aug  6 12:42:35 PDT 2021
2021-08-06 12:42:38.121510: I tensorflow/stream_executor/platform/default/dso_loader.cc:48] Successfully opened dynamic library libcudart.so.10.1
2021-08-06 12:43:01.449608: W tensorflow/stream_executor/platform/default/dso_loader.cc:59] Could not load dynamic library 'libcuda.so.1'; dlerror: libcuda.so.1: cannot open shared object file: No such file or directory
2021-08-06 12:43:01.449799: W tensorflow/stream_executor/cuda/cuda_driver.cc:312] failed call to cuInit: UNKNOWN ERROR (303)
2021-08-06 12:43:01.449906: I tensorflow/stream_executor/cuda/cuda_diagnostics.cc:156] kernel driver does not appear to be running on this host (cdr598.int.cedar.computecanada.ca): /proc/driver/nvidia/version does not exist
2021-08-06 12:43:01.450590: I tensorflow/core/platform/cpu_feature_guard.cc:142] This TensorFlow binary is optimized with oneAPI Deep Neural Network Library (oneDNN)to use the following CPU instructions in performance-critical operations:  AVX2 FMA
To enable them in other operations, rebuild TensorFlow with the appropriate compiler flags.
2021-08-06 12:43:01.461483: I tensorflow/core/platform/profile_utils/cpu_utils.cc:104] CPU Frequency: 2095315000 Hz
2021-08-06 12:43:01.461866: I tensorflow/compiler/xla/service/service.cc:168] XLA service 0x7de11c0 initialized for platform Host (this does not guarantee that XLA will be used). Devices:
2021-08-06 12:43:01.461989: I tensorflow/compiler/xla/service/service.cc:176]   StreamExecutor device (0): Host, Default Version
read in  3
[]
Traceback (most recent call last):
  File "inference_pipeline.py", line 145, in <module>
    cat['pred'] = 2.0 
NameError: name 'cat' is not defined
This is SLURM task 79 for tile 
3 band code
downloading 3 files on host cdr598.int.cedar.computecanada.ca
Fri Aug  6 12:43:04 PDT 2021
performing inference on 3
Fri Aug  6 12:43:04 PDT 2021
2021-08-06 12:43:07.044648: I tensorflow/stream_executor/platform/default/dso_loader.cc:48] Successfully opened dynamic library libcudart.so.10.1
