This is task 86, which will do tiles  to 
This is SLURM task 86 for tile 
3 band code
downloading 3 files on host cdr621.int.cedar.computecanada.ca
Fri Aug  6 12:41:26 PDT 2021
performing inference on 3
Fri Aug  6 12:41:26 PDT 2021
2021-08-06 12:41:33.734281: I tensorflow/stream_executor/platform/default/dso_loader.cc:48] Successfully opened dynamic library libcudart.so.10.1
2021-08-06 12:42:01.171486: W tensorflow/stream_executor/platform/default/dso_loader.cc:59] Could not load dynamic library 'libcuda.so.1'; dlerror: libcuda.so.1: cannot open shared object file: No such file or directory
2021-08-06 12:42:01.176458: W tensorflow/stream_executor/cuda/cuda_driver.cc:312] failed call to cuInit: UNKNOWN ERROR (303)
2021-08-06 12:42:01.178606: I tensorflow/stream_executor/cuda/cuda_diagnostics.cc:156] kernel driver does not appear to be running on this host (cdr621.int.cedar.computecanada.ca): /proc/driver/nvidia/version does not exist
2021-08-06 12:42:01.184503: I tensorflow/core/platform/cpu_feature_guard.cc:142] This TensorFlow binary is optimized with oneAPI Deep Neural Network Library (oneDNN)to use the following CPU instructions in performance-critical operations:  AVX2 FMA
To enable them in other operations, rebuild TensorFlow with the appropriate compiler flags.
2021-08-06 12:42:01.285671: I tensorflow/core/platform/profile_utils/cpu_utils.cc:104] CPU Frequency: 2095114999 Hz
2021-08-06 12:42:01.292819: I tensorflow/compiler/xla/service/service.cc:168] XLA service 0x822d400 initialized for platform Host (this does not guarantee that XLA will be used). Devices:
2021-08-06 12:42:01.292945: I tensorflow/compiler/xla/service/service.cc:176]   StreamExecutor device (0): Host, Default Version
read in  3
[]
Traceback (most recent call last):
  File "inference_pipeline.py", line 145, in <module>
    cat['pred'] = 2.0 
NameError: name 'cat' is not defined
This is SLURM task 86 for tile 
3 band code
downloading 3 files on host cdr621.int.cedar.computecanada.ca
Fri Aug  6 12:42:04 PDT 2021
performing inference on 3
Fri Aug  6 12:42:04 PDT 2021
2021-08-06 12:42:08.838074: I tensorflow/stream_executor/platform/default/dso_loader.cc:48] Successfully opened dynamic library libcudart.so.10.1
2021-08-06 12:42:33.897349: W tensorflow/stream_executor/platform/default/dso_loader.cc:59] Could not load dynamic library 'libcuda.so.1'; dlerror: libcuda.so.1: cannot open shared object file: No such file or directory
2021-08-06 12:42:33.897503: W tensorflow/stream_executor/cuda/cuda_driver.cc:312] failed call to cuInit: UNKNOWN ERROR (303)
2021-08-06 12:42:33.897592: I tensorflow/stream_executor/cuda/cuda_diagnostics.cc:156] kernel driver does not appear to be running on this host (cdr621.int.cedar.computecanada.ca): /proc/driver/nvidia/version does not exist
2021-08-06 12:42:33.898231: I tensorflow/core/platform/cpu_feature_guard.cc:142] This TensorFlow binary is optimized with oneAPI Deep Neural Network Library (oneDNN)to use the following CPU instructions in performance-critical operations:  AVX2 FMA
To enable them in other operations, rebuild TensorFlow with the appropriate compiler flags.
2021-08-06 12:42:33.909132: I tensorflow/core/platform/profile_utils/cpu_utils.cc:104] CPU Frequency: 2095114999 Hz
2021-08-06 12:42:33.909513: I tensorflow/compiler/xla/service/service.cc:168] XLA service 0x64a71f0 initialized for platform Host (this does not guarantee that XLA will be used). Devices:
2021-08-06 12:42:33.909600: I tensorflow/compiler/xla/service/service.cc:176]   StreamExecutor device (0): Host, Default Version
read in  3
[]
Traceback (most recent call last):
  File "inference_pipeline.py", line 145, in <module>
    cat['pred'] = 2.0 
NameError: name 'cat' is not defined
This is SLURM task 86 for tile 
3 band code
downloading 3 files on host cdr621.int.cedar.computecanada.ca
Fri Aug  6 12:42:36 PDT 2021
performing inference on 3
Fri Aug  6 12:42:36 PDT 2021
2021-08-06 12:42:41.200580: I tensorflow/stream_executor/platform/default/dso_loader.cc:48] Successfully opened dynamic library libcudart.so.10.1
2021-08-06 12:43:05.981454: W tensorflow/stream_executor/platform/default/dso_loader.cc:59] Could not load dynamic library 'libcuda.so.1'; dlerror: libcuda.so.1: cannot open shared object file: No such file or directory
2021-08-06 12:43:05.981711: W tensorflow/stream_executor/cuda/cuda_driver.cc:312] failed call to cuInit: UNKNOWN ERROR (303)
2021-08-06 12:43:05.981831: I tensorflow/stream_executor/cuda/cuda_diagnostics.cc:156] kernel driver does not appear to be running on this host (cdr621.int.cedar.computecanada.ca): /proc/driver/nvidia/version does not exist
2021-08-06 12:43:05.982476: I tensorflow/core/platform/cpu_feature_guard.cc:142] This TensorFlow binary is optimized with oneAPI Deep Neural Network Library (oneDNN)to use the following CPU instructions in performance-critical operations:  AVX2 FMA
To enable them in other operations, rebuild TensorFlow with the appropriate compiler flags.
2021-08-06 12:43:05.993471: I tensorflow/core/platform/profile_utils/cpu_utils.cc:104] CPU Frequency: 2095114999 Hz
2021-08-06 12:43:05.993983: I tensorflow/compiler/xla/service/service.cc:168] XLA service 0x73d67f0 initialized for platform Host (this does not guarantee that XLA will be used). Devices:
2021-08-06 12:43:05.994108: I tensorflow/compiler/xla/service/service.cc:176]   StreamExecutor device (0): Host, Default Version
read in  3
[]
Traceback (most recent call last):
  File "inference_pipeline.py", line 145, in <module>
    cat['pred'] = 2.0 
NameError: name 'cat' is not defined
This is SLURM task 86 for tile 
3 band code
downloading 3 files on host cdr621.int.cedar.computecanada.ca
Fri Aug  6 12:43:09 PDT 2021
performing inference on 3
Fri Aug  6 12:43:09 PDT 2021
2021-08-06 12:43:13.030855: I tensorflow/stream_executor/platform/default/dso_loader.cc:48] Successfully opened dynamic library libcudart.so.10.1
