This is task 53, which will do tiles  to 
This is SLURM task 53 for tile 
3 band code
downloading 3 files on host cdr584.int.cedar.computecanada.ca
Fri Aug  6 12:41:22 PDT 2021
performing inference on 3
Fri Aug  6 12:41:22 PDT 2021
2021-08-06 12:41:30.258083: I tensorflow/stream_executor/platform/default/dso_loader.cc:48] Successfully opened dynamic library libcudart.so.10.1
2021-08-06 12:42:00.292519: W tensorflow/stream_executor/platform/default/dso_loader.cc:59] Could not load dynamic library 'libcuda.so.1'; dlerror: libcuda.so.1: cannot open shared object file: No such file or directory
2021-08-06 12:42:00.295559: W tensorflow/stream_executor/cuda/cuda_driver.cc:312] failed call to cuInit: UNKNOWN ERROR (303)
2021-08-06 12:42:00.297637: I tensorflow/stream_executor/cuda/cuda_diagnostics.cc:156] kernel driver does not appear to be running on this host (cdr584.int.cedar.computecanada.ca): /proc/driver/nvidia/version does not exist
2021-08-06 12:42:00.298371: I tensorflow/core/platform/cpu_feature_guard.cc:142] This TensorFlow binary is optimized with oneAPI Deep Neural Network Library (oneDNN)to use the following CPU instructions in performance-critical operations:  AVX2 FMA
To enable them in other operations, rebuild TensorFlow with the appropriate compiler flags.
2021-08-06 12:42:00.386853: I tensorflow/core/platform/profile_utils/cpu_utils.cc:104] CPU Frequency: 2095080000 Hz
2021-08-06 12:42:00.391778: I tensorflow/compiler/xla/service/service.cc:168] XLA service 0x6e9cd40 initialized for platform Host (this does not guarantee that XLA will be used). Devices:
2021-08-06 12:42:00.391922: I tensorflow/compiler/xla/service/service.cc:176]   StreamExecutor device (0): Host, Default Version
read in  3
[]
Traceback (most recent call last):
  File "inference_pipeline.py", line 145, in <module>
    cat['pred'] = 2.0 
NameError: name 'cat' is not defined
This is SLURM task 53 for tile 
3 band code
downloading 3 files on host cdr584.int.cedar.computecanada.ca
Fri Aug  6 12:42:03 PDT 2021
performing inference on 3
Fri Aug  6 12:42:03 PDT 2021
2021-08-06 12:42:07.544346: I tensorflow/stream_executor/platform/default/dso_loader.cc:48] Successfully opened dynamic library libcudart.so.10.1
2021-08-06 12:42:31.894056: W tensorflow/stream_executor/platform/default/dso_loader.cc:59] Could not load dynamic library 'libcuda.so.1'; dlerror: libcuda.so.1: cannot open shared object file: No such file or directory
2021-08-06 12:42:31.894236: W tensorflow/stream_executor/cuda/cuda_driver.cc:312] failed call to cuInit: UNKNOWN ERROR (303)
2021-08-06 12:42:31.894397: I tensorflow/stream_executor/cuda/cuda_diagnostics.cc:156] kernel driver does not appear to be running on this host (cdr584.int.cedar.computecanada.ca): /proc/driver/nvidia/version does not exist
2021-08-06 12:42:31.895003: I tensorflow/core/platform/cpu_feature_guard.cc:142] This TensorFlow binary is optimized with oneAPI Deep Neural Network Library (oneDNN)to use the following CPU instructions in performance-critical operations:  AVX2 FMA
To enable them in other operations, rebuild TensorFlow with the appropriate compiler flags.
2021-08-06 12:42:31.905712: I tensorflow/core/platform/profile_utils/cpu_utils.cc:104] CPU Frequency: 2095080000 Hz
2021-08-06 12:42:31.906173: I tensorflow/compiler/xla/service/service.cc:168] XLA service 0x7ee9b40 initialized for platform Host (this does not guarantee that XLA will be used). Devices:
2021-08-06 12:42:31.906315: I tensorflow/compiler/xla/service/service.cc:176]   StreamExecutor device (0): Host, Default Version
read in  3
[]
Traceback (most recent call last):
  File "inference_pipeline.py", line 145, in <module>
    cat['pred'] = 2.0 
NameError: name 'cat' is not defined
This is SLURM task 53 for tile 
3 band code
downloading 3 files on host cdr584.int.cedar.computecanada.ca
Fri Aug  6 12:42:34 PDT 2021
performing inference on 3
Fri Aug  6 12:42:34 PDT 2021
2021-08-06 12:42:39.236570: I tensorflow/stream_executor/platform/default/dso_loader.cc:48] Successfully opened dynamic library libcudart.so.10.1
2021-08-06 12:43:04.191448: W tensorflow/stream_executor/platform/default/dso_loader.cc:59] Could not load dynamic library 'libcuda.so.1'; dlerror: libcuda.so.1: cannot open shared object file: No such file or directory
2021-08-06 12:43:04.191656: W tensorflow/stream_executor/cuda/cuda_driver.cc:312] failed call to cuInit: UNKNOWN ERROR (303)
2021-08-06 12:43:04.191788: I tensorflow/stream_executor/cuda/cuda_diagnostics.cc:156] kernel driver does not appear to be running on this host (cdr584.int.cedar.computecanada.ca): /proc/driver/nvidia/version does not exist
2021-08-06 12:43:04.192427: I tensorflow/core/platform/cpu_feature_guard.cc:142] This TensorFlow binary is optimized with oneAPI Deep Neural Network Library (oneDNN)to use the following CPU instructions in performance-critical operations:  AVX2 FMA
To enable them in other operations, rebuild TensorFlow with the appropriate compiler flags.
2021-08-06 12:43:04.202507: I tensorflow/core/platform/profile_utils/cpu_utils.cc:104] CPU Frequency: 2095080000 Hz
2021-08-06 12:43:04.202952: I tensorflow/compiler/xla/service/service.cc:168] XLA service 0x5868090 initialized for platform Host (this does not guarantee that XLA will be used). Devices:
2021-08-06 12:43:04.203036: I tensorflow/compiler/xla/service/service.cc:176]   StreamExecutor device (0): Host, Default Version
read in  3
[]
Traceback (most recent call last):
  File "inference_pipeline.py", line 145, in <module>
    cat['pred'] = 2.0 
NameError: name 'cat' is not defined
This is SLURM task 53 for tile 
3 band code
downloading 3 files on host cdr584.int.cedar.computecanada.ca
Fri Aug  6 12:43:07 PDT 2021
performing inference on 3
Fri Aug  6 12:43:07 PDT 2021
2021-08-06 12:43:11.766838: I tensorflow/stream_executor/platform/default/dso_loader.cc:48] Successfully opened dynamic library libcudart.so.10.1
