This is task 99, which will do tiles  to 
This is SLURM task 99 for tile 
3 band code
downloading 3 files on host cdr626.int.cedar.computecanada.ca
Fri Aug  6 12:41:29 PDT 2021
performing inference on 3
Fri Aug  6 12:41:29 PDT 2021
2021-08-06 12:41:36.645932: I tensorflow/stream_executor/platform/default/dso_loader.cc:48] Successfully opened dynamic library libcudart.so.10.1
2021-08-06 12:42:05.677125: W tensorflow/stream_executor/platform/default/dso_loader.cc:59] Could not load dynamic library 'libcuda.so.1'; dlerror: libcuda.so.1: cannot open shared object file: No such file or directory
2021-08-06 12:42:05.681793: W tensorflow/stream_executor/cuda/cuda_driver.cc:312] failed call to cuInit: UNKNOWN ERROR (303)
2021-08-06 12:42:05.682359: I tensorflow/stream_executor/cuda/cuda_diagnostics.cc:156] kernel driver does not appear to be running on this host (cdr626.int.cedar.computecanada.ca): /proc/driver/nvidia/version does not exist
2021-08-06 12:42:05.685518: I tensorflow/core/platform/cpu_feature_guard.cc:142] This TensorFlow binary is optimized with oneAPI Deep Neural Network Library (oneDNN)to use the following CPU instructions in performance-critical operations:  AVX2 FMA
To enable them in other operations, rebuild TensorFlow with the appropriate compiler flags.
2021-08-06 12:42:05.764294: I tensorflow/core/platform/profile_utils/cpu_utils.cc:104] CPU Frequency: 2095225000 Hz
2021-08-06 12:42:05.768036: I tensorflow/compiler/xla/service/service.cc:168] XLA service 0x6d59a60 initialized for platform Host (this does not guarantee that XLA will be used). Devices:
2021-08-06 12:42:05.768307: I tensorflow/compiler/xla/service/service.cc:176]   StreamExecutor device (0): Host, Default Version
read in  3
[]
Traceback (most recent call last):
  File "inference_pipeline.py", line 145, in <module>
    cat['pred'] = 2.0 
NameError: name 'cat' is not defined
This is SLURM task 99 for tile 
3 band code
downloading 3 files on host cdr626.int.cedar.computecanada.ca
Fri Aug  6 12:42:09 PDT 2021
performing inference on 3
Fri Aug  6 12:42:09 PDT 2021
2021-08-06 12:42:14.148242: I tensorflow/stream_executor/platform/default/dso_loader.cc:48] Successfully opened dynamic library libcudart.so.10.1
2021-08-06 12:42:39.705262: W tensorflow/stream_executor/platform/default/dso_loader.cc:59] Could not load dynamic library 'libcuda.so.1'; dlerror: libcuda.so.1: cannot open shared object file: No such file or directory
2021-08-06 12:42:39.705440: W tensorflow/stream_executor/cuda/cuda_driver.cc:312] failed call to cuInit: UNKNOWN ERROR (303)
2021-08-06 12:42:39.705522: I tensorflow/stream_executor/cuda/cuda_diagnostics.cc:156] kernel driver does not appear to be running on this host (cdr626.int.cedar.computecanada.ca): /proc/driver/nvidia/version does not exist
2021-08-06 12:42:39.706238: I tensorflow/core/platform/cpu_feature_guard.cc:142] This TensorFlow binary is optimized with oneAPI Deep Neural Network Library (oneDNN)to use the following CPU instructions in performance-critical operations:  AVX2 FMA
To enable them in other operations, rebuild TensorFlow with the appropriate compiler flags.
2021-08-06 12:42:39.721199: I tensorflow/core/platform/profile_utils/cpu_utils.cc:104] CPU Frequency: 2095225000 Hz
2021-08-06 12:42:39.721653: I tensorflow/compiler/xla/service/service.cc:168] XLA service 0x5d6e520 initialized for platform Host (this does not guarantee that XLA will be used). Devices:
2021-08-06 12:42:39.721728: I tensorflow/compiler/xla/service/service.cc:176]   StreamExecutor device (0): Host, Default Version
read in  3
[]
Traceback (most recent call last):
  File "inference_pipeline.py", line 145, in <module>
    cat['pred'] = 2.0 
NameError: name 'cat' is not defined
This is SLURM task 99 for tile 
3 band code
downloading 3 files on host cdr626.int.cedar.computecanada.ca
Fri Aug  6 12:42:42 PDT 2021
performing inference on 3
Fri Aug  6 12:42:42 PDT 2021
2021-08-06 12:42:47.215546: I tensorflow/stream_executor/platform/default/dso_loader.cc:48] Successfully opened dynamic library libcudart.so.10.1
2021-08-06 12:43:12.599118: W tensorflow/stream_executor/platform/default/dso_loader.cc:59] Could not load dynamic library 'libcuda.so.1'; dlerror: libcuda.so.1: cannot open shared object file: No such file or directory
2021-08-06 12:43:12.599327: W tensorflow/stream_executor/cuda/cuda_driver.cc:312] failed call to cuInit: UNKNOWN ERROR (303)
2021-08-06 12:43:12.599419: I tensorflow/stream_executor/cuda/cuda_diagnostics.cc:156] kernel driver does not appear to be running on this host (cdr626.int.cedar.computecanada.ca): /proc/driver/nvidia/version does not exist
2021-08-06 12:43:12.600865: I tensorflow/core/platform/cpu_feature_guard.cc:142] This TensorFlow binary is optimized with oneAPI Deep Neural Network Library (oneDNN)to use the following CPU instructions in performance-critical operations:  AVX2 FMA
To enable them in other operations, rebuild TensorFlow with the appropriate compiler flags.
2021-08-06 12:43:12.612444: I tensorflow/core/platform/profile_utils/cpu_utils.cc:104] CPU Frequency: 2095225000 Hz
2021-08-06 12:43:12.612857: I tensorflow/compiler/xla/service/service.cc:168] XLA service 0x5fb5e50 initialized for platform Host (this does not guarantee that XLA will be used). Devices:
2021-08-06 12:43:12.612935: I tensorflow/compiler/xla/service/service.cc:176]   StreamExecutor device (0): Host, Default Version
read in  3
[]
Traceback (most recent call last):
  File "inference_pipeline.py", line 145, in <module>
    cat['pred'] = 2.0 
NameError: name 'cat' is not defined
This is SLURM task 99 for tile 
3 band code
downloading 3 files on host cdr626.int.cedar.computecanada.ca
Fri Aug  6 12:43:15 PDT 2021
performing inference on 3
Fri Aug  6 12:43:15 PDT 2021
2021-08-06 12:43:19.938129: I tensorflow/stream_executor/platform/default/dso_loader.cc:48] Successfully opened dynamic library libcudart.so.10.1
