2021-07-27 11:30:09.996957: I tensorflow/stream_executor/platform/default/dso_loader.cc:48] Successfully opened dynamic library libcudart.so.10.1
WARNING: IERSStaleWarning: leap-second file is expired. [astropy.utils.iers.iers]
starting cutout creation
master cat created 

1
2
3
4
5
6
7
8
9
10
master cat filled
Traceback (most recent call last):
  File "create_evaluation_cutouts.py", line 166, in <module>
    hf = h5py.File(scratch + hf_file_name, "w")
  File "/home/anahoban/lensing/lib/python3.8/site-packages/h5py/_hl/files.py", line 406, in __init__
    fid = make_fid(name, mode, userblock_size,
  File "/home/anahoban/lensing/lib/python3.8/site-packages/h5py/_hl/files.py", line 179, in make_fid
    fid = h5f.create(name, h5f.ACC_TRUNC, fapl=fapl, fcpl=fcpl)
  File "h5py/_objects.pyx", line 54, in h5py._objects.with_phil.wrapper
  File "h5py/_objects.pyx", line 55, in h5py._objects.with_phil.wrapper
  File "h5py/h5f.pyx", line 108, in h5py.h5f.create
OSError: Unable to create file (unable to lock file, errno = 11, error message = 'Resource temporarily unavailable')
2021-07-27 11:32:18.298214: I tensorflow/stream_executor/platform/default/dso_loader.cc:48] Successfully opened dynamic library libcudart.so.10.1
2021-07-27 11:32:46.209689: W tensorflow/stream_executor/platform/default/dso_loader.cc:59] Could not load dynamic library 'libcuda.so.1'; dlerror: libcuda.so.1: cannot open shared object file: No such file or directory
2021-07-27 11:32:46.212701: W tensorflow/stream_executor/cuda/cuda_driver.cc:312] failed call to cuInit: UNKNOWN ERROR (303)
2021-07-27 11:32:46.213182: I tensorflow/stream_executor/cuda/cuda_diagnostics.cc:156] kernel driver does not appear to be running on this host (blg8434.int.ets1.calculquebec.ca): /proc/driver/nvidia/version does not exist
2021-07-27 11:32:46.215760: I tensorflow/core/platform/cpu_feature_guard.cc:142] This TensorFlow binary is optimized with oneAPI Deep Neural Network Library (oneDNN)to use the following CPU instructions in performance-critical operations:  AVX2 AVX512F FMA
To enable them in other operations, rebuild TensorFlow with the appropriate compiler flags.
2021-07-27 11:32:46.278235: I tensorflow/core/platform/profile_utils/cpu_utils.cc:104] CPU Frequency: 2400000000 Hz
2021-07-27 11:32:46.282441: I tensorflow/compiler/xla/service/service.cc:168] XLA service 0x4b40280 initialized for platform Host (this does not guarantee that XLA will be used). Devices:
2021-07-27 11:32:46.282486: I tensorflow/compiler/xla/service/service.cc:176]   StreamExecutor device (0): Host, Default Version
WARNING: IERSStaleWarning: leap-second file is expired. [astropy.utils.iers.iers]
Traceback (most recent call last):
  File "classification_pipeline.py", line 44, in <module>
    lenses = cutouts[y_pred > 0.5]
NameError: name 'y_pred' is not defined
